# JRE version: OpenJDK Runtime Environment (11.0.13) (build 11.0.13+0-b1751.21-8125866)
# Java VM: OpenJDK 64-Bit Server VM (11.0.13+0-b1751.21-8125866, mixed mode, tiered, compressed oops, g1 gc, bsd-amd64)
Heap:
 garbage-first heap   total 262144K, used 222481K [0x0000000780000000, 0x0000000800000000)
  region size 1024K, 42 young (43008K), 2 survivors (2048K)
 Metaspace       used 114016K, capacity 116893K, committed 117072K, reserved 1150976K
  class space    used 14184K, capacity 15247K, committed 15360K, reserved 1048576K
GC Heap History (20 events):
Event: 25.675 GC heap after
{Heap after GC invocations=17 (full 0):
 garbage-first heap   total 262144K, used 144667K [0x0000000780000000, 0x0000000800000000)
  region size 1024K, 2 young (2048K), 2 survivors (2048K)
 Metaspace       used 84766K, capacity 86849K, committed 86992K, reserved 1124352K
  class space    used 10798K, capacity 11539K, committed 11648K, reserved 1048576K
}
Event: 28.580 GC heap before
{Heap before GC invocations=18 (full 0):
 garbage-first heap   total 262144K, used 211227K [0x0000000780000000, 0x0000000800000000)
  region size 1024K, 66 young (67584K), 2 survivors (2048K)
 Metaspace       used 92700K, capacity 94843K, committed 95056K, reserved 1132544K
  class space    used 11782K, capacity 12520K, committed 12544K, reserved 1048576K
}
Event: 28.584 GC heap after
{Heap after GC invocations=19 (full 0):
 garbage-first heap   total 262144K, used 146432K [0x0000000780000000, 0x0000000800000000)
  region size 1024K, 3 young (3072K), 3 survivors (3072K)
 Metaspace       used 92700K, capacity 94843K, committed 95056K, reserved 1132544K
  class space    used 11782K, capacity 12520K, committed 12544K, reserved 1048576K
}
Event: 31.104 GC heap before
{Heap before GC invocations=19 (full 0):
 garbage-first heap   total 262144K, used 214016K [0x0000000780000000, 0x0000000800000000)
  region size 1024K, 69 young (70656K), 3 survivors (3072K)
 Metaspace       used 97785K, capacity 100096K, committed 100176K, reserved 1136640K
  class space    used 12422K, capacity 13259K, committed 13312K, reserved 1048576K
}
Event: 31.113 GC heap after
{Heap after GC invocations=20 (full 0):
 garbage-first heap   total 262144K, used 153282K [0x0000000780000000, 0x0000000800000000)
  region size 1024K, 9 young (9216K), 9 survivors (9216K)
 Metaspace       used 97785K, capacity 100096K, committed 100176K, reserved 1136640K
  class space    used 12422K, capacity 13259K, committed 13312K, reserved 1048576K
}
Event: 34.904 GC heap before
{Heap before GC invocations=21 (full 0):
 garbage-first heap   total 262144K, used 214722K [0x0000000780000000, 0x0000000800000000)
  region size 1024K, 70 young (71680K), 9 survivors (9216K)
 Metaspace       used 98159K, capacity 100380K, committed 100688K, reserved 1136640K
  class space    used 12421K, capacity 13254K, committed 13312K, reserved 1048576K
}
Event: 34.913 GC heap after
{Heap after GC invocations=22 (full 0):
 garbage-first heap   total 262144K, used 157547K [0x0000000780000000, 0x0000000800000000)
  region size 1024K, 6 young (6144K), 6 survivors (6144K)
 Metaspace       used 98159K, capacity 100380K, committed 100688K, reserved 1136640K
  class space    used 12421K, capacity 13254K, committed 13312K, reserved 1048576K
}
Event: 36.262 GC heap before
{Heap before GC invocations=22 (full 0):
 garbage-first heap   total 262144K, used 216939K [0x0000000780000000, 0x0000000800000000)
  region size 1024K, 65 young (66560K), 6 survivors (6144K)
 Metaspace       used 99540K, capacity 102028K, committed 102224K, reserved 1138688K
  class space    used 12558K, capacity 13485K, committed 13568K, reserved 1048576K
}
Event: 36.269 GC heap after
{Heap after GC invocations=23 (full 0):
 garbage-first heap   total 262144K, used 161599K [0x0000000780000000, 0x0000000800000000)
  region size 1024K, 6 young (6144K), 6 survivors (6144K)
 Metaspace       used 99540K, capacity 102028K, committed 102224K, reserved 1138688K
  class space    used 12558K, capacity 13485K, committed 13568K, reserved 1048576K
}
Event: 37.733 GC heap before
{Heap before GC invocations=24 (full 0):
 garbage-first heap   total 262144K, used 217919K [0x0000000780000000, 0x0000000800000000)
  region size 1024K, 62 young (63488K), 6 survivors (6144K)
 Metaspace       used 103010K, capacity 105491K, committed 105680K, reserved 1140736K
  class space    used 12995K, capacity 13891K, committed 13952K, reserved 1048576K
}
Event: 37.739 GC heap after
{Heap after GC invocations=25 (full 0):
 garbage-first heap   total 262144K, used 163480K [0x0000000780000000, 0x0000000800000000)
  region size 1024K, 3 young (3072K), 3 survivors (3072K)
 Metaspace       used 103010K, capacity 105491K, committed 105680K, reserved 1140736K
  class space    used 12995K, capacity 13891K, committed 13952K, reserved 1048576K
}
Event: 39.422 GC heap before
{Heap before GC invocations=25 (full 0):
 garbage-first heap   total 262144K, used 219800K [0x0000000780000000, 0x0000000800000000)
  region size 1024K, 59 young (60416K), 3 survivors (3072K)
 Metaspace       used 105795K, capacity 108233K, committed 108624K, reserved 1144832K
  class space    used 13307K, capacity 14219K, committed 14336K, reserved 1048576K
}
Event: 39.428 GC heap after
{Heap after GC invocations=26 (full 0):
 garbage-first heap   total 262144K, used 168089K [0x0000000780000000, 0x0000000800000000)
  region size 1024K, 7 young (7168K), 7 survivors (7168K)
 Metaspace       used 105795K, capacity 108233K, committed 108624K, reserved 1144832K
  class space    used 13307K, capacity 14219K, committed 14336K, reserved 1048576K
}
Event: 40.088 GC heap before
{Heap before GC invocations=27 (full 0):
 garbage-first heap   total 262144K, used 221337K [0x0000000780000000, 0x0000000800000000)
  region size 1024K, 59 young (60416K), 7 survivors (7168K)
 Metaspace       used 107076K, capacity 109403K, committed 109776K, reserved 1144832K
  class space    used 13491K, capacity 14394K, committed 14464K, reserved 1048576K
}
Event: 40.096 GC heap after
{Heap after GC invocations=28 (full 0):
 garbage-first heap   total 262144K, used 170381K [0x0000000780000000, 0x0000000800000000)
  region size 1024K, 3 young (3072K), 3 survivors (3072K)
 Metaspace       used 107076K, capacity 109403K, committed 109776K, reserved 1144832K
  class space    used 13491K, capacity 14394K, committed 14464K, reserved 1048576K
}
Event: 194.021 GC heap before
{Heap before GC invocations=28 (full 0):
 garbage-first heap   total 262144K, used 221581K [0x0000000780000000, 0x0000000800000000)
  region size 1024K, 54 young (55296K), 3 survivors (3072K)
 Metaspace       used 111539K, capacity 114195K, committed 114384K, reserved 1148928K
  class space    used 13872K, capacity 14879K, committed 14976K, reserved 1048576K
}
Event: 194.032 GC heap after
{Heap after GC invocations=29 (full 0):
 garbage-first heap   total 262144K, used 175220K [0x0000000780000000, 0x0000000800000000)
  region size 1024K, 7 young (7168K), 7 survivors (7168K)
 Metaspace       used 111539K, capacity 114195K, committed 114384K, reserved 1148928K
  class space    used 13872K, capacity 14879K, committed 14976K, reserved 1048576K
}
Event: 194.889 GC heap before
{Heap before GC invocations=30 (full 0):
 garbage-first heap   total 262144K, used 222324K [0x0000000780000000, 0x0000000800000000)
  region size 1024K, 54 young (55296K), 7 survivors (7168K)
 Metaspace       used 113744K, capacity 116589K, committed 116816K, reserved 1150976K
  class space    used 14159K, capacity 15238K, committed 15360K, reserved 1048576K
}
Event: 194.900 GC heap after
{Heap after GC invocations=31 (full 0):
 garbage-first heap   total 262144K, used 181521K [0x0000000780000000, 0x0000000800000000)
  region size 1024K, 7 young (7168K), 7 survivors (7168K)
 Metaspace       used 113744K, capacity 116589K, committed 116816K, reserved 1150976K
  class space    used 14159K, capacity 15238K, committed 15360K, reserved 1048576K
}
Event: 195.132 GC heap before
{Heap before GC invocations=31 (full 0):
 garbage-first heap   total 262144K, used 221457K [0x0000000780000000, 0x0000000800000000)
  region size 1024K, 47 young (48128K), 7 survivors (7168K)
 Metaspace       used 114016K, capacity 116893K, committed 117072K, reserved 1150976K
  class space    used 14184K, capacity 15247K, committed 15360K, reserved 1048576K
}

